<?xml version="1.0" encoding="UTF-8"?>
<!-- Generated by org.testng.reporters.JUnitReportReporter -->
<testsuite hostname="EC2AMAZ-S11DBRH" failures="0" tests="1" name="runners.googleSearchRunner" time="11.682" errors="0" timestamp="2022-12-15T05:58:45 GMT" skipped="0">
  <testcase classname="runners.googleSearchRunner" name="runScenario" time="11.682"/>
  <system-out/>
</testsuite> <!-- runners.googleSearchRunner -->
